[21-May-2025 16:41:01 UTC] PHP Fatal error:  Uncaught Error: Class "Redis" not found in /var/www/html/envisionxperts.com/public/index.php:6
Stack trace:
#0 {main}
  thrown in /var/www/html/envisionxperts.com/public/index.php on line 6
[21-May-2025 16:41:36 UTC] PHP Fatal error:  Uncaught Error: Class "Redis" not found in /var/www/html/envisionxperts.com/public/index.php:6
Stack trace:
#0 {main}
  thrown in /var/www/html/envisionxperts.com/public/index.php on line 6
[21-May-2025 16:53:04 UTC] PHP Warning:  require_once(/var/www/html/envisionxperts.com/config/vendor/autoload.php): Failed to open stream: No such file or directory in /var/www/html/envisionxperts.com/config/bootstrap.php on line 2
[21-May-2025 16:53:04 UTC] PHP Fatal error:  Uncaught Error: Failed opening required '/var/www/html/envisionxperts.com/config/vendor/autoload.php' (include_path='.:/usr/share/php') in /var/www/html/envisionxperts.com/config/bootstrap.php:2
Stack trace:
#0 /var/www/html/envisionxperts.com/config/init.php(46): require_once()
#1 /var/www/html/envisionxperts.com/public/index.php(2): require_once('...')
#2 {main}
  thrown in /var/www/html/envisionxperts.com/config/bootstrap.php on line 2
[21-May-2025 16:54:42 UTC] PHP Parse error:  syntax error, unexpected token "if", expecting "function" or "const" in /var/www/html/envisionxperts.com/src/Utils/RateLimiter.php on line 20
[22-May-2025 17:22:42 Europe/Berlin] PHP Fatal error:  Uncaught Error: Class "Appwrite\Services\Database" not found in C:\xampp\htdocs\envisionxperts.com\config\bootstrap.php:28
Stack trace:
#0 C:\xampp\htdocs\envisionxperts.com\config\init.php(46): require_once()
#1 C:\xampp\htdocs\envisionxperts.com\public\index.php(2): require_once('C:\\xampp\\htdocs...')
#2 {main}
  thrown in C:\xampp\htdocs\envisionxperts.com\config\bootstrap.php on line 28
